<?xml version="1.0" encoding="utf-8"?><testsuites name="pytest tests"><testsuite name="pytest" errors="0" failures="0" skipped="0" tests="22" time="10.110" timestamp="2026-02-16T12:29:57.406872+00:00" hostname="agent-env-5c6df897-0a0c-4829-87d0-a74960ccccee"><testcase classname="test_gamification.TestHealthAndBasic" name="test_api_root_reachable" time="0.252" /><testcase classname="test_gamification.TestAuthFlow" name="test_register_user" time="0.117" /><testcase classname="test_gamification.TestAuthFlow" name="test_full_registration_flow" time="0.679" /><testcase classname="test_gamification.TestAuthFlow" name="test_login_flow" time="1.026" /><testcase classname="test_gamification.TestGamificationAPIs" name="test_get_streak_info" time="0.776" /><testcase classname="test_gamification.TestGamificationAPIs" name="test_update_streak" time="0.736" /><testcase classname="test_gamification.TestGamificationAPIs" name="test_get_badges" time="0.919" /><testcase classname="test_gamification.TestGamificationAPIs" name="test_get_leaderboard_weekly" time="0.753" /><testcase classname="test_gamification.TestGamificationAPIs" name="test_get_leaderboard_daily" time="0.741" /><testcase classname="test_gamification.TestGamificationAPIs" name="test_get_leaderboard_monthly" time="0.698" /><testcase classname="test_gamification.TestGamificationAPIs" name="test_get_leaderboard_all_time" time="0.716" /><testcase classname="test_gamification.TestGamificationAPIs" name="test_get_challenges" time="0.737" /><testcase classname="test_gamification.TestGamificationAPIs" name="test_get_languages" time="0.126" /><testcase classname="test_gamification.TestGamificationAPIs" name="test_get_translations_english" time="0.117" /><testcase classname="test_gamification.TestGamificationAPIs" name="test_get_translations_swahili" time="0.097" /><testcase classname="test_gamification.TestGamificationAPIs" name="test_get_translations_french" time="0.121" /><testcase classname="test_gamification.TestGamificationAPIs" name="test_get_translations_invalid_language" time="0.143" /><testcase classname="test_gamification.TestGamificationAPIs" name="test_get_analytics" time="0.693" /><testcase classname="test_gamification.TestGamificationUnauthorized" name="test_streak_requires_auth" time="0.143" /><testcase classname="test_gamification.TestGamificationUnauthorized" name="test_badges_requires_auth" time="0.150" /><testcase classname="test_gamification.TestGamificationUnauthorized" name="test_leaderboard_requires_auth" time="0.120" /><testcase classname="test_gamification.TestGamificationUnauthorized" name="test_challenges_requires_auth" time="0.114" /></testsuite></testsuites>