<?xml version="1.0" encoding="utf-8"?><testsuites name="pytest tests"><testsuite name="pytest" errors="0" failures="0" skipped="0" tests="29" time="8.369" timestamp="2026-02-18T15:07:34.889841+00:00" hostname="agent-env-1cdbfc59-e96e-46c9-99da-1262ff198379"><testcase classname="tests.test_language_fraud_detection.TestLanguageDetection" name="test_language_detect_tanzania_swahili" time="0.287" /><testcase classname="tests.test_language_fraud_detection.TestLanguageDetection" name="test_language_detect_kenya_swahili" time="0.149" /><testcase classname="tests.test_language_fraud_detection.TestLanguageDetection" name="test_language_detect_france_french" time="0.145" /><testcase classname="tests.test_language_fraud_detection.TestLanguageDetection" name="test_language_detect_uk_english" time="0.117" /><testcase classname="tests.test_language_fraud_detection.TestLanguageDetection" name="test_language_detect_us_english" time="0.109" /><testcase classname="tests.test_language_fraud_detection.TestLanguageDetection" name="test_language_detect_nigeria_english" time="0.145" /><testcase classname="tests.test_language_fraud_detection.TestLanguageDetection" name="test_language_detect_senegal_french" time="0.139" /><testcase classname="tests.test_language_fraud_detection.TestLanguageDetection" name="test_language_detect_unknown_country_default" time="0.127" /><testcase classname="tests.test_language_fraud_detection.TestLanguageDetection" name="test_language_detect_without_plus" time="0.112" /><testcase classname="tests.test_language_fraud_detection.TestSupportedLanguages" name="test_get_supported_languages" time="0.122" /><testcase classname="tests.test_language_fraud_detection.TestUserLanguagePreference" name="test_get_user_language" time="0.521" /><testcase classname="tests.test_language_fraud_detection.TestUserLanguagePreference" name="test_update_user_language_to_swahili" time="0.511" /><testcase classname="tests.test_language_fraud_detection.TestUserLanguagePreference" name="test_update_user_language_to_french" time="0.553" /><testcase classname="tests.test_language_fraud_detection.TestUserLanguagePreference" name="test_update_user_language_to_english" time="0.670" /><testcase classname="tests.test_language_fraud_detection.TestUserLanguagePreference" name="test_update_user_language_invalid" time="0.442" /><testcase classname="tests.test_language_fraud_detection.TestUserLanguagePreference" name="test_get_user_language_no_auth" time="0.241" /><testcase classname="tests.test_language_fraud_detection.TestAdminCampaignSettings" name="test_admin_login" time="0.123" /><testcase classname="tests.test_language_fraud_detection.TestAdminCampaignSettings" name="test_admin_login_invalid_credentials" time="0.137" /><testcase classname="tests.test_language_fraud_detection.TestAdminCampaignSettings" name="test_get_all_campaign_settings" time="0.222" /><testcase classname="tests.test_language_fraud_detection.TestAdminCampaignSettings" name="test_get_campaign_settings_for_tanzania" time="0.234" /><testcase classname="tests.test_language_fraud_detection.TestAdminCampaignSettings" name="test_get_campaign_settings_for_kenya" time="0.304" /><testcase classname="tests.test_language_fraud_detection.TestAdminCampaignSettings" name="test_get_campaign_settings_default" time="0.268" /><testcase classname="tests.test_language_fraud_detection.TestAdminCampaignSettings" name="test_update_campaign_settings" time="0.494" /><testcase classname="tests.test_language_fraud_detection.TestAdminCampaignSettings" name="test_campaign_settings_requires_auth" time="0.114" /><testcase classname="tests.test_language_fraud_detection.TestViolationTypes" name="test_get_violation_types" time="0.212" /><testcase classname="tests.test_language_fraud_detection.TestFlaggedUsers" name="test_get_flagged_users" time="0.255" /><testcase classname="tests.test_language_fraud_detection.TestFlaggedUsers" name="test_flagged_users_requires_auth" time="0.121" /><testcase classname="tests.test_language_fraud_detection.TestIntegration" name="test_full_language_detection_flow" time="0.675" /><testcase classname="tests.test_language_fraud_detection.TestIntegration" name="test_admin_full_workflow" time="0.638" /></testsuite></testsuites>