<?xml version="1.0" encoding="utf-8"?><testsuites name="pytest tests"><testsuite name="pytest" errors="0" failures="0" skipped="0" tests="15" time="4.134" timestamp="2026-02-16T13:10:36.296649+00:00" hostname="agent-env-5c6df897-0a0c-4829-87d0-a74960ccccee"><testcase classname="tests.test_new_features.TestCurrencyAutoDetection" name="test_supported_currencies_endpoint" time="0.546" /><testcase classname="tests.test_new_features.TestCurrencyAutoDetection" name="test_user_currency_requires_auth" time="0.179" /><testcase classname="tests.test_new_features.TestAdminGamificationAPIs" name="test_admin_login" time="0.219" /><testcase classname="tests.test_new_features.TestAdminGamificationAPIs" name="test_gamification_overview_requires_admin" time="0.136" /><testcase classname="tests.test_new_features.TestAdminGamificationAPIs" name="test_gamification_overview" time="0.425" /><testcase classname="tests.test_new_features.TestAdminGamificationAPIs" name="test_gamification_badges" time="0.147" /><testcase classname="tests.test_new_features.TestAdminGamificationAPIs" name="test_gamification_streaks" time="0.153" /><testcase classname="tests.test_new_features.TestAdminGamificationAPIs" name="test_gamification_challenges" time="0.108" /><testcase classname="tests.test_new_features.TestPushNotificationEndpoints" name="test_push_token_registration_requires_auth" time="0.135" /><testcase classname="tests.test_new_features.TestPushNotificationEndpoints" name="test_push_token_registration" time="0.765" /><testcase classname="tests.test_new_features.TestPushNotificationEndpoints" name="test_push_token_invalid_format" time="0.110" /><testcase classname="tests.test_new_features.TestPushNotificationEndpoints" name="test_notification_preferences_get" time="0.148" /><testcase classname="tests.test_new_features.TestPushNotificationEndpoints" name="test_notification_preferences_update" time="0.144" /><testcase classname="tests.test_new_features.TestPushNotificationEndpoints" name="test_push_token_removal" time="0.117" /><testcase classname="tests.test_new_features.TestTanzaniaCurrencyDetection" name="test_tanzania_phone_currency_detection" time="0.751" /></testsuite></testsuites>