<?xml version="1.0" encoding="utf-8"?><testsuites name="pytest tests"><testsuite name="pytest" errors="0" failures="4" skipped="0" tests="15" time="4.303" timestamp="2026-02-16T13:09:33.237393+00:00" hostname="agent-env-5c6df897-0a0c-4829-87d0-a74960ccccee"><testcase classname="tests.test_new_features.TestCurrencyAutoDetection" name="test_supported_currencies_endpoint" time="0.382" /><testcase classname="tests.test_new_features.TestCurrencyAutoDetection" name="test_user_currency_requires_auth" time="0.195" /><testcase classname="tests.test_new_features.TestAdminGamificationAPIs" name="test_admin_login" time="0.424" /><testcase classname="tests.test_new_features.TestAdminGamificationAPIs" name="test_gamification_overview_requires_admin" time="0.223" /><testcase classname="tests.test_new_features.TestAdminGamificationAPIs" name="test_gamification_overview" time="0.436"><failure message="AssertionError: Expected 200, got 403: {&quot;detail&quot;:&quot;Admin access required&quot;}&#10;assert 403 == 200&#10; +  where 403 = &lt;Response [403]&gt;.status_code">tests/test_new_features.py:113: in test_gamification_overview
    assert response.status_code == 200, f"Expected 200, got {response.status_code}: {response.text}"
E   AssertionError: Expected 200, got 403: {"detail":"Admin access required"}
E   assert 403 == 200
E    +  where 403 = &lt;Response [403]&gt;.status_code</failure></testcase><testcase classname="tests.test_new_features.TestAdminGamificationAPIs" name="test_gamification_badges" time="0.107"><failure message="AssertionError: Expected 200, got 403: {&quot;detail&quot;:&quot;Admin access required&quot;}&#10;assert 403 == 200&#10; +  where 403 = &lt;Response [403]&gt;.status_code">tests/test_new_features.py:134: in test_gamification_badges
    assert response.status_code == 200, f"Expected 200, got {response.status_code}: {response.text}"
E   AssertionError: Expected 200, got 403: {"detail":"Admin access required"}
E   assert 403 == 200
E    +  where 403 = &lt;Response [403]&gt;.status_code</failure></testcase><testcase classname="tests.test_new_features.TestAdminGamificationAPIs" name="test_gamification_streaks" time="0.100"><failure message="AssertionError: Expected 200, got 403: {&quot;detail&quot;:&quot;Admin access required&quot;}&#10;assert 403 == 200&#10; +  where 403 = &lt;Response [403]&gt;.status_code">tests/test_new_features.py:156: in test_gamification_streaks
    assert response.status_code == 200, f"Expected 200, got {response.status_code}: {response.text}"
E   AssertionError: Expected 200, got 403: {"detail":"Admin access required"}
E   assert 403 == 200
E    +  where 403 = &lt;Response [403]&gt;.status_code</failure></testcase><testcase classname="tests.test_new_features.TestAdminGamificationAPIs" name="test_gamification_challenges" time="0.100"><failure message="AssertionError: Expected 200, got 403: {&quot;detail&quot;:&quot;Admin access required&quot;}&#10;assert 403 == 200&#10; +  where 403 = &lt;Response [403]&gt;.status_code">tests/test_new_features.py:176: in test_gamification_challenges
    assert response.status_code == 200, f"Expected 200, got {response.status_code}: {response.text}"
E   AssertionError: Expected 200, got 403: {"detail":"Admin access required"}
E   assert 403 == 200
E    +  where 403 = &lt;Response [403]&gt;.status_code</failure></testcase><testcase classname="tests.test_new_features.TestPushNotificationEndpoints" name="test_push_token_registration_requires_auth" time="0.164" /><testcase classname="tests.test_new_features.TestPushNotificationEndpoints" name="test_push_token_registration" time="0.799" /><testcase classname="tests.test_new_features.TestPushNotificationEndpoints" name="test_push_token_invalid_format" time="0.125" /><testcase classname="tests.test_new_features.TestPushNotificationEndpoints" name="test_notification_preferences_get" time="0.121" /><testcase classname="tests.test_new_features.TestPushNotificationEndpoints" name="test_notification_preferences_update" time="0.103" /><testcase classname="tests.test_new_features.TestPushNotificationEndpoints" name="test_push_token_removal" time="0.156" /><testcase classname="tests.test_new_features.TestTanzaniaCurrencyDetection" name="test_tanzania_phone_currency_detection" time="0.761" /></testsuite></testsuites>