<?xml version="1.0" encoding="utf-8"?><testsuites name="pytest tests"><testsuite name="pytest" errors="0" failures="0" skipped="0" tests="12" time="2.881" timestamp="2026-02-16T19:45:29.398675+00:00" hostname="agent-env-384f8b26-b908-4915-8bc7-3e94f6791251"><testcase classname="tests.test_security.TestScanRateLimiting" name="test_scan_stats_endpoint_exists" time="0.481" /><testcase classname="tests.test_security.TestScanRateLimiting" name="test_scan_stats_remaining_calculation" time="0.110" /><testcase classname="tests.test_security.TestTicketSystem" name="test_scan_creates_or_uses_existing_ticket" time="0.185" /><testcase classname="tests.test_security.TestTicketSystem" name="test_same_ticket_number_across_scans" time="0.259" /><testcase classname="tests.test_security.TestAuditTrail" name="test_admin_audit_entries_endpoint" time="0.085" /><testcase classname="tests.test_security.TestAuditTrail" name="test_audit_chain_verify_endpoint" time="0.124" /><testcase classname="tests.test_security.TestAdminAuditLog" name="test_admin_actions_endpoint_requires_super_admin" time="0.073" /><testcase classname="tests.test_security.TestDrawExecution" name="test_draw_execute_requires_admin" time="0.198" /><testcase classname="tests.test_security.TestDrawExecution" name="test_completed_draw_has_random_seed" time="0.069" /><testcase classname="tests.test_security.TestMyTicketsPage" name="test_my_tickets_returns_ticket_and_entries" time="0.152" /><testcase classname="tests.test_security.TestMultiplierOnScan" name="test_scan_response_includes_multiplier" time="0.200" /><testcase classname="tests.test_security.TestRateLimitingBehavior" name="test_rate_limit_updates_after_scan" time="0.887" /></testsuite></testsuites>