<?xml version="1.0" encoding="utf-8"?><testsuites name="pytest tests"><testsuite name="pytest" errors="0" failures="0" skipped="0" tests="15" time="8.743" timestamp="2026-02-16T17:03:28.758924+00:00" hostname="agent-env-384f8b26-b908-4915-8bc7-3e94f6791251"><testcase classname="tests.test_tickets.TestTicketEndpoints" name="test_login_success" time="0.534" /><testcase classname="tests.test_tickets.TestTicketEndpoints" name="test_get_my_tickets_returns_200" time="0.572" /><testcase classname="tests.test_tickets.TestTicketEndpoints" name="test_get_my_tickets_has_correct_structure" time="0.690" /><testcase classname="tests.test_tickets.TestTicketEndpoints" name="test_ticket_number_format" time="0.561" /><testcase classname="tests.test_tickets.TestTicketEndpoints" name="test_get_tickets_for_draw" time="0.588" /><testcase classname="tests.test_tickets.TestTicketEndpoints" name="test_get_tickets_for_invalid_draw" time="0.645" /><testcase classname="tests.test_tickets.TestTicketEndpoints" name="test_check_ticket_endpoint" time="0.549" /><testcase classname="tests.test_tickets.TestTicketEndpoints" name="test_check_nonexistent_ticket" time="0.592" /><testcase classname="tests.test_tickets.TestTicketEndpoints" name="test_scan_generates_tickets" time="0.630" /><testcase classname="tests.test_tickets.TestTicketEndpoints" name="test_get_draw_winners_for_completed_draw" time="0.702" /><testcase classname="tests.test_tickets.TestTicketEndpoints" name="test_get_winners_for_active_draw_returns_error" time="0.553" /><testcase classname="tests.test_tickets.TestTicketEndpoints" name="test_execute_draw_requires_admin" time="0.581" /><testcase classname="tests.test_tickets.TestTicketEndpoints" name="test_user_stats_endpoint" time="0.533" /><testcase classname="tests.test_tickets.TestDrawsEndpoint" name="test_get_all_draws" time="0.515" /><testcase classname="tests.test_tickets.TestDrawsEndpoint" name="test_get_active_draws" time="0.420" /></testsuite></testsuites>