<?xml version="1.0" encoding="utf-8"?><testsuites name="pytest tests"><testsuite name="pytest" errors="0" failures="0" skipped="2" tests="14" time="6.956" timestamp="2026-02-16T13:38:25.770056+00:00" hostname="agent-env-5c6df897-0a0c-4829-87d0-a74960ccccee"><testcase classname="tests.test_websocket_streak.TestWebSocketEndpoint" name="test_websocket_endpoint_exists" time="0.193" /><testcase classname="tests.test_websocket_streak.TestWebSocketEndpoint" name="test_websocket_upgrade_attempt" time="0.150" /><testcase classname="tests.test_websocket_streak.TestWebSocketEndpoint" name="test_websocket_connection_async" time="0.000"><skipped type="pytest.skip" message="Requires pytest-asyncio plugin - WebSocket connection documented in test_websocket_upgrade_attempt">/app/taxxa_temp/backend/tests/test_websocket_streak.py:53: Requires pytest-asyncio plugin - WebSocket connection documented in test_websocket_upgrade_attempt</skipped></testcase><testcase classname="tests.test_websocket_streak.TestStreakReminderService" name="test_streak_reminder_service_module" time="0.118" /><testcase classname="tests.test_websocket_streak.TestStreakReminderService" name="test_streaks_endpoint_exists" time="0.286" /><testcase classname="tests.test_websocket_streak.TestPushNotificationService" name="test_push_token_registration_endpoint" time="0.727" /><testcase classname="tests.test_websocket_streak.TestPushNotificationService" name="test_push_token_valid_registration" time="0.897" /><testcase classname="tests.test_websocket_streak.TestPushNotificationService" name="test_notification_preferences_endpoint" time="0.809" /><testcase classname="tests.test_websocket_streak.TestPushNotificationService" name="test_update_notification_preferences" time="0.829" /><testcase classname="tests.test_websocket_streak.TestPushNotificationService" name="test_remove_push_token" time="0.102"><skipped type="pytest.skip" message="Could not register test user">/app/taxxa_temp/backend/tests/test_websocket_streak.py:242: Could not register test user</skipped></testcase><testcase classname="tests.test_websocket_streak.TestLeaderboardBroadcast" name="test_leaderboard_api_endpoint" time="0.727" /><testcase classname="tests.test_websocket_streak.TestLeaderboardBroadcast" name="test_scan_triggers_leaderboard_update" time="1.018" /><testcase classname="tests.test_websocket_streak.TestLiveOfflineIndicator" name="test_websocket_service_exists" time="0.107" /><testcase classname="tests.test_websocket_streak.TestLiveOfflineIndicator" name="test_leaderboard_has_timestamp" time="0.930" /></testsuite></testsuites>